<?xml version="1.0" encoding="UTF-8"?>
<!-- Generated by org.testng.reporters.JUnitXMLReporter -->
<testsuite ignored="0" hostname="DESKTOP-ECEQEH3" failures="0" tests="4" name="TestNG" time="32.62" errors="0" timestamp="2023-04-25T00:03:09 EDT">
  <testcase classname="testLayer.LoginTestcases" name="Title" time="0.011"/>
  <testcase classname="testLayer.LoginTestcases" name="login" time="4.106"/>
  <testcase classname="testLayer.LoginTestcases" name="login" time="4.127"/>
  <testcase classname="testLayer.LoginTestcases" name="login" time="4.093"/>
</testsuite> <!-- TestNG -->
