<?xml version="1.0" encoding="UTF-8"?>
<!-- Generated by org.testng.reporters.JUnitXMLReporter -->
<testsuite ignored="0" hostname="DESKTOP-ECEQEH3" failures="0" tests="4" name="Default test" time="33.187" errors="0" timestamp="2023-04-25T00:01:38 EDT">
  <testcase classname="testLayer.LoginTestcases" name="Title" time="0.013"/>
  <testcase classname="testLayer.LoginTestcases" name="login" time="4.099"/>
  <testcase classname="testLayer.LoginTestcases" name="login" time="4.104"/>
  <testcase classname="testLayer.LoginTestcases" name="login" time="4.101"/>
</testsuite> <!-- Default test -->
